<?xml version="1.0" encoding="UTF-8"?>
<!-- Generated by org.testng.reporters.JUnitReportReporter -->
<testsuite hostname="LAPTOP-FJAVPFTE" failures="0" tests="1" name="CoolTestersSep.Selenium.AppTest" time="0.038" errors="0" timestamp="2020-09-12T08:51:51 CDT" skipped="0">
  <testcase classname="CoolTestersSep.Selenium.AppTest" name="shouldAnswerWithTrue" time="0.038"/>
  <system-out/>
</testsuite> <!-- CoolTestersSep.Selenium.AppTest -->
